<?xml version="1.0" encoding="UTF-8"?>
<testsuite xmlns:xsi="http://www.w3.org/2001/XMLSchema-instance" xsi:noNamespaceSchemaLocation="https://maven.apache.org/surefire/maven-surefire-plugin/xsd/surefire-test-report.xsd" name="com.arielado.AppTest" time="0.036" tests="1" errors="0" skipped="0" failures="0">
  <properties>
    <property name="java.specification.version" value="14"/>
    <property name="sun.cpu.isalist" value="amd64"/>
    <property name="sun.jnu.encoding" value="Cp1252"/>
    <property name="java.class.path" value="C:\Users\ariel\Documents\Java\OpenGLEngine\target\test-classes;C:\Users\ariel\Documents\Java\OpenGLEngine\target\classes;C:\Users\ariel\.m2\repository\junit\junit\4.11\junit-4.11.jar;C:\Users\ariel\.m2\repository\org\hamcrest\hamcrest-core\1.3\hamcrest-core-1.3.jar;C:\Users\ariel\.m2\repository\org\lwjgl\lwjgl\lwjgl\2.8.3\lwjgl-2.8.3.jar;C:\Users\ariel\.m2\repository\org\lwjgl\lwjgl\lwjgl-platform\2.8.3\lwjgl-platform-2.8.3-natives-windows.jar;C:\Users\ariel\.m2\repository\org\lwjgl\lwjgl\lwjgl-platform\2.8.3\lwjgl-platform-2.8.3-natives-linux.jar;C:\Users\ariel\.m2\repository\org\lwjgl\lwjgl\lwjgl-platform\2.8.3\lwjgl-platform-2.8.3-natives-osx.jar;C:\Users\ariel\.m2\repository\net\java\jinput\jinput\2.0.5\jinput-2.0.5.jar;C:\Users\ariel\.m2\repository\net\java\jutils\jutils\1.0.0\jutils-1.0.0.jar;C:\Users\ariel\.m2\repository\net\java\jinput\jinput-platform\2.0.5\jinput-platform-2.0.5-natives-linux.jar;C:\Users\ariel\.m2\repository\net\java\jinput\jinput-platform\2.0.5\jinput-platform-2.0.5-natives-windows.jar;C:\Users\ariel\.m2\repository\net\java\jinput\jinput-platform\2.0.5\jinput-platform-2.0.5-natives-osx.jar;C:\Users\ariel\.m2\repository\org\slick2d\slick2d-core\1.0.2\slick2d-core-1.0.2.jar;C:\Program Files\Java\jdk-14.0.2\lib\javaws.jar;C:\Users\ariel\.m2\repository\org\jcraft\jorbis\0.0.17\jorbis-0.0.17.jar;C:\Users\ariel\.m2\repository\com\massisframework\j3d\vecmath\1.6.0.1\vecmath-1.6.0.1.jar;"/>
    <property name="java.vm.vendor" value="Oracle Corporation"/>
    <property name="sun.arch.data.model" value="64"/>
    <property name="user.variant" value=""/>
    <property name="java.vendor.url" value="https://java.oracle.com/"/>
    <property name="user.timezone" value="America/Fortaleza"/>
    <property name="os.name" value="Windows 10"/>
    <property name="java.vm.specification.version" value="14"/>
    <property name="sun.java.launcher" value="SUN_STANDARD"/>
    <property name="user.country" value="BR"/>
    <property name="sun.boot.library.path" value="C:\Program Files\Java\jdk-14.0.2\bin"/>
    <property name="sun.java.command" value="C:\Users\ariel\AppData\Local\Temp\surefire13046695029998975329\surefirebooter15372446885723042845.jar C:\Users\ariel\AppData\Local\Temp\surefire13046695029998975329 2020-12-10T08-06-13_516-jvmRun1 surefire650912228531907652tmp surefire_013692421798867997769tmp"/>
    <property name="jdk.debug" value="release"/>
    <property name="surefire.test.class.path" value="C:\Users\ariel\Documents\Java\OpenGLEngine\target\test-classes;C:\Users\ariel\Documents\Java\OpenGLEngine\target\classes;C:\Users\ariel\.m2\repository\junit\junit\4.11\junit-4.11.jar;C:\Users\ariel\.m2\repository\org\hamcrest\hamcrest-core\1.3\hamcrest-core-1.3.jar;C:\Users\ariel\.m2\repository\org\lwjgl\lwjgl\lwjgl\2.8.3\lwjgl-2.8.3.jar;C:\Users\ariel\.m2\repository\org\lwjgl\lwjgl\lwjgl-platform\2.8.3\lwjgl-platform-2.8.3-natives-windows.jar;C:\Users\ariel\.m2\repository\org\lwjgl\lwjgl\lwjgl-platform\2.8.3\lwjgl-platform-2.8.3-natives-linux.jar;C:\Users\ariel\.m2\repository\org\lwjgl\lwjgl\lwjgl-platform\2.8.3\lwjgl-platform-2.8.3-natives-osx.jar;C:\Users\ariel\.m2\repository\net\java\jinput\jinput\2.0.5\jinput-2.0.5.jar;C:\Users\ariel\.m2\repository\net\java\jutils\jutils\1.0.0\jutils-1.0.0.jar;C:\Users\ariel\.m2\repository\net\java\jinput\jinput-platform\2.0.5\jinput-platform-2.0.5-natives-linux.jar;C:\Users\ariel\.m2\repository\net\java\jinput\jinput-platform\2.0.5\jinput-platform-2.0.5-natives-windows.jar;C:\Users\ariel\.m2\repository\net\java\jinput\jinput-platform\2.0.5\jinput-platform-2.0.5-natives-osx.jar;C:\Users\ariel\.m2\repository\org\slick2d\slick2d-core\1.0.2\slick2d-core-1.0.2.jar;C:\Program Files\Java\jdk-14.0.2\lib\javaws.jar;C:\Users\ariel\.m2\repository\org\jcraft\jorbis\0.0.17\jorbis-0.0.17.jar;C:\Users\ariel\.m2\repository\com\massisframework\j3d\vecmath\1.6.0.1\vecmath-1.6.0.1.jar;"/>
    <property name="sun.cpu.endian" value="little"/>
    <property name="user.home" value="C:\Users\ariel"/>
    <property name="user.language" value="pt"/>
    <property name="java.specification.vendor" value="Oracle Corporation"/>
    <property name="java.version.date" value="2020-07-14"/>
    <property name="java.home" value="C:\Program Files\Java\jdk-14.0.2"/>
    <property name="file.separator" value="\"/>
    <property name="basedir" value="C:\Users\ariel\Documents\Java\OpenGLEngine"/>
    <property name="java.vm.compressedOopsMode" value="32-bit"/>
    <property name="line.separator" value="&#10;"/>
    <property name="java.vm.specification.vendor" value="Oracle Corporation"/>
    <property name="java.specification.name" value="Java Platform API Specification"/>
    <property name="surefire.real.class.path" value="C:\Users\ariel\AppData\Local\Temp\surefire13046695029998975329\surefirebooter15372446885723042845.jar"/>
    <property name="user.script" value=""/>
    <property name="sun.management.compiler" value="HotSpot 64-Bit Tiered Compilers"/>
    <property name="java.runtime.version" value="14.0.2+12-46"/>
    <property name="user.name" value="ariel"/>
    <property name="path.separator" value=";"/>
    <property name="os.version" value="10.0"/>
    <property name="java.runtime.name" value="Java(TM) SE Runtime Environment"/>
    <property name="file.encoding" value="Cp1252"/>
    <property name="java.vm.name" value="Java HotSpot(TM) 64-Bit Server VM"/>
    <property name="localRepository" value="C:\Users\ariel\.m2\repository"/>
    <property name="java.vendor.url.bug" value="https://bugreport.java.com/bugreport/"/>
    <property name="java.io.tmpdir" value="C:\Users\ariel\AppData\Local\Temp\"/>
    <property name="java.version" value="14.0.2"/>
    <property name="user.dir" value="C:\Users\ariel\Documents\Java\OpenGLEngine"/>
    <property name="os.arch" value="amd64"/>
    <property name="java.vm.specification.name" value="Java Virtual Machine Specification"/>
    <property name="sun.os.patch.level" value=""/>
    <property name="java.library.path" value="C:\Program Files\Java\jdk-14.0.2\bin;C:\WINDOWS\Sun\Java\bin;C:\WINDOWS\system32;C:\WINDOWS;c:\go\bin;c:\go\bin;C:\WINDOWS\system32;C:\WINDOWS;C:\WINDOWS\System32\Wbem;C:\WINDOWS\System32\WindowsPowerShell\v1.0\;C:\WINDOWS\System32\OpenSSH\;C:\apache-maven-3.6.3-bin\apache-maven-3.6.3\bin\;C:\Program Files\RedHat\java-14-openjdk-jre-14.0.2-1\bin;C:\MinGW\bin\;C:\Program Files\Git\cmd;C:\Program Files\dotnet\;C:\Users\ariel\AppData\Local\Microsoft\WindowsApps;;C:\Users\ariel\AppData\Local\Programs\Microsoft VS Code\bin;C:\Users\ariel\.dotnet\tools;."/>
    <property name="java.vm.info" value="mixed mode, sharing"/>
    <property name="java.vendor" value="Oracle Corporation"/>
    <property name="java.vm.version" value="14.0.2+12-46"/>
    <property name="sun.io.unicode.encoding" value="UnicodeLittle"/>
    <property name="java.class.version" value="58.0"/>
  </properties>
  <testcase name="shouldAnswerWithTrue" classname="com.arielado.AppTest" time="0.001"/>
</testsuite>